

<!DOCTYPE html>
<html>
<head>
<meta charset="UTF-8">
<meta name="viewport" content="width=device-width, initial-scale=1, shrink-to-fit=no">
<title>Extent</title>
<link rel="apple-touch-icon" href="https://cdn.jsdelivr.net/gh/extent-framework/extent-github-cdn@b00a2d0486596e73dd7326beacf352c639623a0e/commons/img/logo.png">
<link rel="shortcut icon" href="https://cdn.jsdelivr.net/gh/extent-framework/extent-github-cdn@b00a2d0486596e73dd7326beacf352c639623a0e/commons/img/logo.png">
<link href="https://cdn.jsdelivr.net/gh/extent-framework/extent-github-cdn@d6562a79075e061305ccfdb82f01e5e195e2d307/spark/css/spark-style.css" rel="stylesheet" />
<link href="https://stackpath.bootstrapcdn.com/font-awesome/4.7.0/css/font-awesome.min.css" rel="stylesheet">
<script src="https://cdn.jsdelivr.net/gh/extent-framework/extent-github-cdn@7cc78ce/spark/js/jsontree.js"></script>
<style type="text/css"></style></head><body class="spa bdd-report standard">
  <div class="app">
    <div class="layout">
<div class="header navbar">
<div class="vheader">
<div class="nav-logo">
<a href="#">
<div class="logo" style="background-image: url('https://cdn.jsdelivr.net/gh/extent-framework/extent-github-cdn@b00a2d0486596e73dd7326beacf352c639623a0e/commons/img/logo.png')"></div>
</a>
</div>
<ul class="nav-left">
<li class="search-box">
<a class="search-toggle" href="#">
<i class="search-icon fa fa-search"></i>
<i class="search-icon-close fa fa-close"></i>
</a>
</li>
<li class="search-input"><input id="search-tests" class="form-control" type="text" placeholder="Search..."></li>
</ul>
<ul class="nav-right">
<li class="m-r-10">
<a href="#"><span class="badge badge-primary">Automation Report</span></a>
</li>
<li class="m-r-10">
<a href="#"><span class="badge badge-primary">Jul 27, 2023 04:41:02 PM</span></a>
</li>
</ul>
</div>
</div><div class="side-nav">
<div class="side-nav-inner">
<ul class="side-nav-menu">
<li class="nav-item dropdown" onclick="toggleView('test-view')">
<a id="nav-test" class="dropdown-toggle" href="#">
<span class="ico"><i class="fa fa-list"></i></span>
</a>
</li>
<li class="nav-item dropdown" onclick="toggleView('exception-view')">
<a id="nav-exception" class="dropdown-toggle" href="#">
<span class="ico"><i class="fa fa-bug"></i></span>
</a>
</li>
<li class="nav-item dropdown" onclick="toggleView('category-view')">
<a id="nav-category" class="dropdown-toggle" href="#">
<span class="ico"><i class="fa fa-tag"></i></span>
</a>
</li>
<li class="nav-item dropdown" onclick="toggleView('dashboard-view')">
<a id="nav-dashboard" class="dropdown-toggle" href="#">
<span class="ico"><i class="fa fa-bar-chart"></i></span>
</a>
</li>
</ul>
</div>
</div>      <div class="vcontainer">
        <div class="main-content">
<div class="test-wrapper row view test-view">
  <div class="test-list">
    <div class="test-list-tools">
<ul class="tools pull-left">
<li><a href="#"><span class="font-size-14">Tests</span></a></li>
</ul>
<ul class="tools text-right">
<li class="dropdown">
<a href="#" class="dropdown-toggle" data-toggle="dropdown"><i class="fa fa-exclamation-circle"></i></a>
<ul id="status-toggle" class="dropdown-menu dropdown-md p-v-0">
<a class="dropdown-item" status="fail" href="#"><span>Fail</span><span class="status danger"></span></a>
<div class="dropdown-divider"></div>
<a status="clear" class="dropdown-item" href="#"><span>Clear</span><span class="pull-right"><i class="fa fa-close"></i></span></a>
</ul>
</li>
<li class="dropdown">
<a href="#" class="dropdown-toggle" data-toggle="dropdown"><i class="fa fa-tag"></i></a>
<ul id="tag-toggle" class="dropdown-menu dropdown-md p-v-0">
<a class="dropdown-item" href="#">@cp</a><a class="dropdown-item" href="#">@cpLogin</a>
</ul>
</li>
</ul>
</div>    <div class="test-list-wrapper scrollable">
      <ul class="test-list-item">
        <li class="test-item"  status="fail" test-id="1"
          author=""
          tag=""
          device="">
          <div class="test-detail">
            <p class="name">Cp Smoke Test</p>
            <p class="text-sm">
              <span>4:41:03 PM</span> / <span>00:03:26:130</span>
              <span class="badge fail-bg log float-right">Fail</span>
            </p>
          </div>
          <div class="test-contents d-none">
<div class="detail-head">
<div class="p-v-10">
<div class="info">
<h5 class="test-status text-fail">Cp Smoke Test</h5>
<span class='badge badge-success'>07.27.2023 4:41:03 PM</span>
<span class='badge badge-danger'>07.27.2023 4:44:29 PM</span>
<span class='badge badge-default'>00:03:26:130</span>
&middot; <span class='uri-anchor badge badge-default'>#test-id=1</span>
<span class='badge badge-default pointer float-right ml-1 et'><i class="fa fa-chevron-down"></i></span>
<span class='badge badge-default pointer float-right ct'><i class="fa fa-chevron-up"></i></span>
</div>
<div class="m-t-10 m-l-5"></div>
</div>
</div>
<div class="accordion mt-4">
  <div class="card">
    <div class="card-header" role="tab">
      <div class="card-title">
        <div class="node" id="2"><span class="badge log fail-bg mr-2">Fail</span>CP order entry - Placing a new order</div>
          <div class="status-avatar float-right mr-4">
            <i class="fa fa-paperclip"></i>
          </div>
      </div>
    </div>
        <div class="">
          <div class="card-body">
              <div class="step fail-bg" title="org.stepdefinition.StepDefinitionClass.user_in_Login_page()">
                <span>Given User in Login page</span>
      <div>
        <textarea disabled class="code-block">org.openqa.selenium.WebDriverException: unknown error: net::ERR_CONNECTION_CLOSED
  (Session info: MicrosoftEdge=114.0.1823.86)
Build info: version: '4.8.2', revision: '826dbfc730'
System info: os.name: 'Windows 10', os.arch: 'amd64', os.version: '10.0', java.version: '11.0.16.1'
Driver info: org.openqa.selenium.edge.EdgeDriver
Command: [704dad468550483ee838ff3e9e94a9e8, get {url=https://130.78.62.243:444/#/Login}]
Capabilities {acceptInsecureCerts: false, browserName: msedge, browserVersion: 114.0.1823.86, ms:edgeOptions: {debuggerAddress: localhost:51404}, msedge: {msedgedriverVersion: 114.0.1823.90 (a7fc3a4aaee7..., userDataDir: C:\Users\ar287\AppData\Loca...}, networkConnectionEnabled: false, pageLoadStrategy: normal, platformName: WINDOWS, proxy: Proxy(), se:cdp: ws://localhost:51404/devtoo..., se:cdpVersion: 114.0.1823.86, setWindowRect: true, strictFileInteractability: false, timeouts: {implicit: 0, pageLoad: 300000, script: 30000}, unhandledPromptBehavior: dismiss and notify, webauthn:extension:credBlob: true, webauthn:extension:largeBlob: true, webauthn:extension:minPinLength: true, webauthn:extension:prf: true, webauthn:virtualAuthenticators: true}
Session ID: 704dad468550483ee838ff3e9e94a9e8
	at java.base/jdk.internal.reflect.NativeConstructorAccessorImpl.newInstance0(Native Method)
	at java.base/jdk.internal.reflect.NativeConstructorAccessorImpl.newInstance(NativeConstructorAccessorImpl.java:62)
	at java.base/jdk.internal.reflect.DelegatingConstructorAccessorImpl.newInstance(DelegatingConstructorAccessorImpl.java:45)
	at java.base/java.lang.reflect.Constructor.newInstance(Constructor.java:490)
	at org.openqa.selenium.remote.codec.w3c.W3CHttpResponseCodec.createException(W3CHttpResponseCodec.java:200)
	at org.openqa.selenium.remote.codec.w3c.W3CHttpResponseCodec.decode(W3CHttpResponseCodec.java:133)
	at org.openqa.selenium.remote.codec.w3c.W3CHttpResponseCodec.decode(W3CHttpResponseCodec.java:53)
	at org.openqa.selenium.remote.HttpCommandExecutor.execute(HttpCommandExecutor.java:193)
	at org.openqa.selenium.remote.service.DriverCommandExecutor.invokeExecute(DriverCommandExecutor.java:183)
	at org.openqa.selenium.remote.service.DriverCommandExecutor.execute(DriverCommandExecutor.java:158)
	at org.openqa.selenium.remote.RemoteWebDriver.execute(RemoteWebDriver.java:543)
	at org.openqa.selenium.remote.RemoteWebDriver.get(RemoteWebDriver.java:297)
	at org.stepdefinition.StepDefinitionClass.user_in_Login_page(StepDefinitionClass.java:77)
	at ?.User in Login page(file:///C:/Users/ar287/eclipse-workspace/LIMS/src/test/resources/FeatureFiles/CP_SmokeTest.feature:6)
</textarea>
      
      </div>
              </div>
              <div class="step pass-bg" title="AFTER_STEP">
                <span>org.stepdefinition.Hooks.snapMethod(io.cucumber.java.Scenario)</span>
      <div>error msg
          <div class="row mb-3"><div class="col-md-3">
<img data-featherlight='../../screenshot/embedded1.png' src="../../screenshot/embedded1.png">
    
    </div></div>
</div>
      <div>
      </div>
              </div>
              <div class="step skip-bg" title="org.stepdefinition.StepDefinitionClass.user_enters_valid_username_and_valid_password()">
                <span>When User enters valid username and valid password</span>
      <div>Step skipped
      </div>
              </div>
              <div class="step skip-bg" title="org.stepdefinition.StepDefinitionClass.click_on_order_management_menu_click_on_cp_order_entry_menu()">
                <span>And Click on Order Management menu, Click on CP order entry menu</span>
      <div>Step skipped
      </div>
              </div>
              <div class="step skip-bg" title="org.stepdefinition.StepDefinitionClass.search_for_the_patient_using_the_given_name_as_arun_and_family_name_as_r_and_click_on_search()">
                <span>And Search for the patient using the given name as Arun and Family name as R and click on Search</span>
      <div>Step skipped
      </div>
              </div>
              <div class="step skip-bg" title="org.stepdefinition.StepDefinitionClass.select_the_patient_from_the_grid()">
                <span>And Select the patient from the Grid</span>
      <div>Step skipped
      </div>
              </div>
              <div class="step skip-bg" title="org.stepdefinition.StepDefinitionClass.click_on_new_order_button()">
                <span>And Click on New Order button</span>
      <div>Step skipped
      </div>
              </div>
              <div class="step skip-bg" title="org.stepdefinition.StepDefinitionClass.check_for_the_patient_banner()">
                <span>And Check for the Patient banner</span>
      <div>Step skipped
      </div>
              </div>
              <div class="step skip-bg" title="org.stepdefinition.StepDefinitionClass.click_on_the_down_arrow_key()">
                <span>And Click on the down-arrow key</span>
      <div>Step skipped
      </div>
              </div>
              <div class="step skip-bg" title="org.stepdefinition.StepDefinitionClass.select_a_value_from_the_location_field_drop_down_or_type_few_characters_and_select_the_value_ex_breh()">
                <span>And Select a value from the Location field drop-down or type few characters and select the value EX: BREH</span>
      <div>Step skipped
      </div>
              </div>
              <div class="step skip-bg" title="org.stepdefinition.StepDefinitionClass.select_a_value_from_the_clinician_field_drop_down_or_type_few_characters_ste_and_select_the_value_ex_sub()">
                <span>And Select a value from the Clinician field drop-down or type few characters (Ste) and select the value EX: SUB</span>
      <div>Step skipped
      </div>
              </div>
              <div class="step skip-bg" title="org.stepdefinition.StepDefinitionClass.select_a_value_from_patient_category_drop_down_as_nhs()">
                <span>And Select a value from Patient category drop-down as NHS</span>
      <div>Step skipped
      </div>
              </div>
              <div class="step skip-bg" title="org.stepdefinition.StepDefinitionClass.enter_collection_date_and_time()">
                <span>And Enter collection date and time</span>
      <div>Step skipped
      </div>
              </div>
              <div class="step skip-bg" title="org.stepdefinition.StepDefinitionClass.enter_the_details_in_the_following_fields_clinical_comments_clinical_diagnosis_clinical_question_medical_intervention()">
                <span>And Enter the details in the following fields -	Clinical Comments,Clinical Diagnosis,Clinical question,Medical Intervention</span>
      <div>Step skipped
      </div>
              </div>
              <div class="step skip-bg" title="org.stepdefinition.StepDefinitionClass.in_the_specimen_block_prcodure_pane_click_on_specimen()">
                <span>And In the SPECIMEN/BLOCK/PRCODURE pane click on Specimen</span>
      <div>Step skipped
      </div>
              </div>
              <div class="step skip-bg" title="org.stepdefinition.StepDefinitionClass.click_on_histology_sub_discipline()">
                <span>And Click on Histology sub-discipline</span>
      <div>Step skipped
      </div>
              </div>
              <div class="step skip-bg" title="org.stepdefinition.StepDefinitionClass.double_click_drag_and_drop_on_one_of_the_specimen_ex_breast_tissue()">
                <span>And Double click/Drag and drop on one of the specimen EX: Breast tissue</span>
      <div>Step skipped
      </div>
              </div>
              <div class="step skip-bg" title="org.stepdefinition.StepDefinitionClass.drag_and_drop_one_more_specimen_from_histology_sub_discipline_ex_bone()">
                <span>And Drag and drop one more specimen from Histology sub-discipline Ex: Bone</span>
      <div>Step skipped
      </div>
              </div>
              <div class="step skip-bg" title="org.stepdefinition.StepDefinitionClass.in_the_specimen_block_prcodure_pane_click_on_procedure_group_and_select_a_procedure_from_histology_sub_discipline()">
                <span>And In the SPECIMEN/BLOCK/PRCODURE pane click on Procedure group and select a procedure from histology sub-discipline</span>
      <div>Step skipped
      </div>
              </div>
              <div class="step skip-bg" title="org.stepdefinition.StepDefinitionClass.double_click_on_the_second_block_lrn_from_popup()">
                <span>And Double click on the second block LRN from popup</span>
      <div>Step skipped
      </div>
              </div>
              <div class="step skip-bg" title="org.stepdefinition.StepDefinitionClass.delete_one_of_the_procedure_added_to_the_block_by_click_on_x_in_the_procedure_card()">
                <span>And Delete one of the procedure added to the block by click on X in the procedure card</span>
      <div>Step skipped
      </div>
              </div>
              <div class="step skip-bg" title="org.stepdefinition.StepDefinitionClass.click_on_save_button()">
                <span>And Click on Save button</span>
      <div>Step skipped
      </div>
              </div>
          </div>
        </div>
  </div>
  <div class="card">
    <div class="card-header" role="tab">
      <div class="card-title">
        <div class="node" id="46"><span class="badge log fail-bg mr-2">Fail</span>Specimen Dissection - Scanning the Specimen</div>
      </div>
    </div>
        <div class="">
          <div class="card-body">
              <div class="step fail-bg" title="org.stepdefinition.StepDefinitionClass.click_on_laboratory_processing_menu_and_click_on_specimen_dissection_menu()">
                <span>Given Click on Laboratory processing menu and Click on Specimen dissection menu</span>
      <div>
        <textarea disabled class="code-block">org.openqa.selenium.NoSuchWindowException: no such window: target window already closed
from unknown error: web view not found
  (Session info: MicrosoftEdge=114.0.1823.86)
Build info: version: '4.8.2', revision: '826dbfc730'
System info: os.name: 'Windows 10', os.arch: 'amd64', os.version: '10.0', java.version: '11.0.16.1'
Driver info: org.openqa.selenium.edge.EdgeDriver
Command: [704dad468550483ee838ff3e9e94a9e8, findElement {using=xpath, value=(//span[@class="mat-tooltip-trigger"])[2]}]
Capabilities {acceptInsecureCerts: false, browserName: msedge, browserVersion: 114.0.1823.86, ms:edgeOptions: {debuggerAddress: localhost:51404}, msedge: {msedgedriverVersion: 114.0.1823.90 (a7fc3a4aaee7..., userDataDir: C:\Users\ar287\AppData\Loca...}, networkConnectionEnabled: false, pageLoadStrategy: normal, platformName: WINDOWS, proxy: Proxy(), se:cdp: ws://localhost:51404/devtoo..., se:cdpVersion: 114.0.1823.86, setWindowRect: true, strictFileInteractability: false, timeouts: {implicit: 0, pageLoad: 300000, script: 30000}, unhandledPromptBehavior: dismiss and notify, webauthn:extension:credBlob: true, webauthn:extension:largeBlob: true, webauthn:extension:minPinLength: true, webauthn:extension:prf: true, webauthn:virtualAuthenticators: true}
Session ID: 704dad468550483ee838ff3e9e94a9e8
	at jdk.internal.reflect.GeneratedConstructorAccessor16.newInstance(Unknown Source)
	at java.base/jdk.internal.reflect.DelegatingConstructorAccessorImpl.newInstance(DelegatingConstructorAccessorImpl.java:45)
	at java.base/java.lang.reflect.Constructor.newInstance(Constructor.java:490)
	at org.openqa.selenium.remote.codec.w3c.W3CHttpResponseCodec.createException(W3CHttpResponseCodec.java:200)
	at org.openqa.selenium.remote.codec.w3c.W3CHttpResponseCodec.decode(W3CHttpResponseCodec.java:133)
	at org.openqa.selenium.remote.codec.w3c.W3CHttpResponseCodec.decode(W3CHttpResponseCodec.java:53)
	at org.openqa.selenium.remote.HttpCommandExecutor.execute(HttpCommandExecutor.java:193)
	at org.openqa.selenium.remote.service.DriverCommandExecutor.invokeExecute(DriverCommandExecutor.java:183)
	at org.openqa.selenium.remote.service.DriverCommandExecutor.execute(DriverCommandExecutor.java:158)
	at org.openqa.selenium.remote.RemoteWebDriver.execute(RemoteWebDriver.java:543)
	at org.openqa.selenium.remote.ElementLocation$ElementFinder$2.findElement(ElementLocation.java:162)
	at org.openqa.selenium.remote.ElementLocation.findElement(ElementLocation.java:60)
	at org.openqa.selenium.remote.RemoteWebDriver.findElement(RemoteWebDriver.java:352)
	at org.openqa.selenium.remote.RemoteWebDriver.findElement(RemoteWebDriver.java:344)
	at org.openqa.selenium.support.pagefactory.DefaultElementLocator.findElement(DefaultElementLocator.java:70)
	at org.openqa.selenium.support.pagefactory.internal.LocatingElementHandler.invoke(LocatingElementHandler.java:39)
	at com.sun.proxy.$Proxy25.toString(Unknown Source)
	at java.base/java.lang.String.valueOf(String.java:2951)
	at java.base/java.lang.StringBuilder.append(StringBuilder.java:173)
	at org.openqa.selenium.support.ui.ExpectedConditions$10.toString(ExpectedConditions.java:298)
	at java.base/java.lang.String.valueOf(String.java:2951)
	at java.base/java.lang.StringBuilder.append(StringBuilder.java:173)
	at org.openqa.selenium.support.ui.FluentWait.until(FluentWait.java:229)
	at org.baseclass.BaseClass.expWait(BaseClass.java:135)
	at org.stepdefinition.StepDefinitionClass.click_on_laboratory_processing_menu_and_click_on_specimen_dissection_menu(StepDefinitionClass.java:833)
	at ?.Click on Laboratory processing menu and Click on Specimen dissection menu(file:///C:/Users/ar287/eclipse-workspace/LIMS/src/test/resources/FeatureFiles/CP_SmokeTest.feature:29)
</textarea>
      
      </div>
              </div>
              <div class="step fail-bg" title="AFTER_STEP">
                <span>org.stepdefinition.Hooks.snapMethod(io.cucumber.java.Scenario)</span>
      <div>
        <textarea disabled class="code-block">org.openqa.selenium.NoSuchWindowException: no such window: target window already closed
from unknown error: web view not found
  (Session info: MicrosoftEdge=114.0.1823.86)
Build info: version: '4.8.2', revision: '826dbfc730'
System info: os.name: 'Windows 10', os.arch: 'amd64', os.version: '10.0', java.version: '11.0.16.1'
Driver info: org.openqa.selenium.edge.EdgeDriver
Command: [704dad468550483ee838ff3e9e94a9e8, screenshot {}]
Capabilities {acceptInsecureCerts: false, browserName: msedge, browserVersion: 114.0.1823.86, ms:edgeOptions: {debuggerAddress: localhost:51404}, msedge: {msedgedriverVersion: 114.0.1823.90 (a7fc3a4aaee7..., userDataDir: C:\Users\ar287\AppData\Loca...}, networkConnectionEnabled: false, pageLoadStrategy: normal, platformName: WINDOWS, proxy: Proxy(), se:cdp: ws://localhost:51404/devtoo..., se:cdpVersion: 114.0.1823.86, setWindowRect: true, strictFileInteractability: false, timeouts: {implicit: 0, pageLoad: 300000, script: 30000}, unhandledPromptBehavior: dismiss and notify, webauthn:extension:credBlob: true, webauthn:extension:largeBlob: true, webauthn:extension:minPinLength: true, webauthn:extension:prf: true, webauthn:virtualAuthenticators: true}
Session ID: 704dad468550483ee838ff3e9e94a9e8
	at jdk.internal.reflect.GeneratedConstructorAccessor16.newInstance(Unknown Source)
	at java.base/jdk.internal.reflect.DelegatingConstructorAccessorImpl.newInstance(DelegatingConstructorAccessorImpl.java:45)
	at java.base/java.lang.reflect.Constructor.newInstance(Constructor.java:490)
	at org.openqa.selenium.remote.codec.w3c.W3CHttpResponseCodec.createException(W3CHttpResponseCodec.java:200)
	at org.openqa.selenium.remote.codec.w3c.W3CHttpResponseCodec.decode(W3CHttpResponseCodec.java:133)
	at org.openqa.selenium.remote.codec.w3c.W3CHttpResponseCodec.decode(W3CHttpResponseCodec.java:53)
	at org.openqa.selenium.remote.HttpCommandExecutor.execute(HttpCommandExecutor.java:193)
	at org.openqa.selenium.remote.service.DriverCommandExecutor.invokeExecute(DriverCommandExecutor.java:183)
	at org.openqa.selenium.remote.service.DriverCommandExecutor.execute(DriverCommandExecutor.java:158)
	at org.openqa.selenium.remote.RemoteWebDriver.execute(RemoteWebDriver.java:543)
	at org.openqa.selenium.remote.RemoteWebDriver.execute(RemoteWebDriver.java:598)
	at org.openqa.selenium.remote.RemoteWebDriver.execute(RemoteWebDriver.java:602)
	at org.openqa.selenium.remote.RemoteWebDriver.getScreenshotAs(RemoteWebDriver.java:318)
	at org.stepdefinition.Hooks.snapMethod(Hooks.java:66)
</textarea>
      
      </div>
              </div>
              <div class="step skip-bg" title="org.stepdefinition.StepDefinitionClass.user_enters_Specimen_LRN_in_the_scan_field_and_does_search()">
                <span>When User enters Specimen LRN in the scan field and does search</span>
      <div>Step skipped
      </div>
              </div>
              <div class="step skip-bg" title="org.stepdefinition.StepDefinitionClass.check_the_details_displaying_in_the_specimen_dissection()">
                <span>And Check the details displaying in the Specimen dissection</span>
      <div>Step skipped
      </div>
              </div>
              <div class="step skip-bg" title="org.stepdefinition.StepDefinitionClass.on_the_first_block_without_entering_other_details_click_on_save_blocks()">
                <span>And On the First Block,Without entering other details, click on Save Blocks.</span>
      <div>Step skipped
      </div>
              </div>
              <div class="step skip-bg" title="org.stepdefinition.StepDefinitionClass.click_on_no()">
                <span>And Click on No</span>
      <div>Step skipped
      </div>
              </div>
              <div class="step skip-bg" title="org.stepdefinition.StepDefinitionClass.again_click_on_save_block_without_entering_pieces_displays_warning_click_on_yes()">
                <span>And Again Click on Save Block without entering Pieces, Displays warning , Click on Yes.</span>
      <div>Step skipped
      </div>
              </div>
              <div class="step skip-bg" title="org.stepdefinition.StepDefinitionClass.again_scan_the_same_specimen_lrn()">
                <span>And Again scan the Same Specimen LRN</span>
      <div>Step skipped
      </div>
              </div>
              <div class="step skip-bg" title="org.stepdefinition.StepDefinitionClass.for_block1_enter_all_the_details_and_verify_that_on_selecting_the_block_corresponding_procedure_for_that_block_will_be_displayed()">
                <span>And For Block1,Enter all the details and	Verify that on selecting the block Corresponding procedure for that block will be displayed</span>
      <div>Step skipped
      </div>
              </div>
              <div class="step skip-bg" title="org.stepdefinition.StepDefinitionClass.select_keep_setting_check_box_and_click_on_click_on_next()">
                <span>And Select Keep Setting check box and Click on click on Next</span>
      <div>Step skipped
      </div>
              </div>
              <div class="step skip-bg" title="org.stepdefinition.StepDefinitionClass.now_enter_no_of_pieces_on_block2_as_one()">
                <span>And Now enter no.of Pieces on Block2 as One</span>
      <div>Step skipped
      </div>
              </div>
              <div class="step skip-bg" title="org.stepdefinition.StepDefinitionClass.click_on_save_block_and_scan_the_same_specimen_lrn()">
                <span>And Click on Save Block and scan the Same Specimen LRN</span>
      <div>Step skipped
      </div>
              </div>
              <div class="step skip-bg" title="org.stepdefinition.StepDefinitionClass.select_disregard_unused_blocks_check_box_and_scan_the_same_specimen_lrn()">
                <span>And Select Disregard Unused Blocks check box and scan the Same Specimen LRN</span>
      <div>Step skipped
      </div>
              </div>
              <div class="step skip-bg" title="org.stepdefinition.StepDefinitionClass.select_all_tissue_used_check_box_and_click_on_save_blocks()">
                <span>And Select All Tissue used check box and click on save blocks</span>
      <div>Step skipped
      </div>
              </div>
              <div class="step skip-bg" title="org.stepdefinition.StepDefinitionClass.scan_the_specimen_lrn_again()">
                <span>Then Scan the specimen Lrn again</span>
      <div>Step skipped
      </div>
              </div>
          </div>
        </div>
  </div>
  <div class="card">
    <div class="card-header" role="tab">
      <div class="card-title">
        <div class="node" id="75"><span class="badge log fail-bg mr-2">Fail</span>Block Processing - Scan Block LRN</div>
      </div>
    </div>
        <div class="">
          <div class="card-body">
              <div class="step fail-bg" title="org.stepdefinition.StepDefinitionClass.user_changes_the_workarea_to_Embed()">
                <span>Given User changes the workarea to Embed</span>
      <div>
        <textarea disabled class="code-block">org.openqa.selenium.NoSuchWindowException: no such window: target window already closed
from unknown error: web view not found
  (Session info: MicrosoftEdge=114.0.1823.86)
Build info: version: '4.8.2', revision: '826dbfc730'
System info: os.name: 'Windows 10', os.arch: 'amd64', os.version: '10.0', java.version: '11.0.16.1'
Driver info: org.openqa.selenium.edge.EdgeDriver
Command: [704dad468550483ee838ff3e9e94a9e8, findElement {using=xpath, value=(//span[@class="mat-tooltip-trigger"])[2]}]
Capabilities {acceptInsecureCerts: false, browserName: msedge, browserVersion: 114.0.1823.86, ms:edgeOptions: {debuggerAddress: localhost:51404}, msedge: {msedgedriverVersion: 114.0.1823.90 (a7fc3a4aaee7..., userDataDir: C:\Users\ar287\AppData\Loca...}, networkConnectionEnabled: false, pageLoadStrategy: normal, platformName: WINDOWS, proxy: Proxy(), se:cdp: ws://localhost:51404/devtoo..., se:cdpVersion: 114.0.1823.86, setWindowRect: true, strictFileInteractability: false, timeouts: {implicit: 0, pageLoad: 300000, script: 30000}, unhandledPromptBehavior: dismiss and notify, webauthn:extension:credBlob: true, webauthn:extension:largeBlob: true, webauthn:extension:minPinLength: true, webauthn:extension:prf: true, webauthn:virtualAuthenticators: true}
Session ID: 704dad468550483ee838ff3e9e94a9e8
	at jdk.internal.reflect.GeneratedConstructorAccessor16.newInstance(Unknown Source)
	at java.base/jdk.internal.reflect.DelegatingConstructorAccessorImpl.newInstance(DelegatingConstructorAccessorImpl.java:45)
	at java.base/java.lang.reflect.Constructor.newInstance(Constructor.java:490)
	at org.openqa.selenium.remote.codec.w3c.W3CHttpResponseCodec.createException(W3CHttpResponseCodec.java:200)
	at org.openqa.selenium.remote.codec.w3c.W3CHttpResponseCodec.decode(W3CHttpResponseCodec.java:133)
	at org.openqa.selenium.remote.codec.w3c.W3CHttpResponseCodec.decode(W3CHttpResponseCodec.java:53)
	at org.openqa.selenium.remote.HttpCommandExecutor.execute(HttpCommandExecutor.java:193)
	at org.openqa.selenium.remote.service.DriverCommandExecutor.invokeExecute(DriverCommandExecutor.java:183)
	at org.openqa.selenium.remote.service.DriverCommandExecutor.execute(DriverCommandExecutor.java:158)
	at org.openqa.selenium.remote.RemoteWebDriver.execute(RemoteWebDriver.java:543)
	at org.openqa.selenium.remote.ElementLocation$ElementFinder$2.findElement(ElementLocation.java:162)
	at org.openqa.selenium.remote.ElementLocation.findElement(ElementLocation.java:60)
	at org.openqa.selenium.remote.RemoteWebDriver.findElement(RemoteWebDriver.java:352)
	at org.openqa.selenium.remote.RemoteWebDriver.findElement(RemoteWebDriver.java:344)
	at org.openqa.selenium.support.pagefactory.DefaultElementLocator.findElement(DefaultElementLocator.java:70)
	at org.openqa.selenium.support.pagefactory.internal.LocatingElementHandler.invoke(LocatingElementHandler.java:39)
	at com.sun.proxy.$Proxy25.toString(Unknown Source)
	at java.base/java.lang.String.valueOf(String.java:2951)
	at java.base/java.lang.StringBuilder.append(StringBuilder.java:173)
	at org.openqa.selenium.support.ui.ExpectedConditions$10.toString(ExpectedConditions.java:298)
	at java.base/java.lang.String.valueOf(String.java:2951)
	at java.base/java.lang.StringBuilder.append(StringBuilder.java:173)
	at org.openqa.selenium.support.ui.FluentWait.until(FluentWait.java:229)
	at org.baseclass.BaseClass.expWait(BaseClass.java:135)
	at org.stepdefinition.StepDefinitionClass.user_changes_the_workarea_to_Embed(StepDefinitionClass.java:1211)
	at ?.User changes the workarea to Embed(file:///C:/Users/ar287/eclipse-workspace/LIMS/src/test/resources/FeatureFiles/CP_SmokeTest.feature:45)
</textarea>
      
      </div>
              </div>
              <div class="step fail-bg" title="AFTER_STEP">
                <span>org.stepdefinition.Hooks.snapMethod(io.cucumber.java.Scenario)</span>
      <div>
        <textarea disabled class="code-block">org.openqa.selenium.NoSuchWindowException: no such window: target window already closed
from unknown error: web view not found
  (Session info: MicrosoftEdge=114.0.1823.86)
Build info: version: '4.8.2', revision: '826dbfc730'
System info: os.name: 'Windows 10', os.arch: 'amd64', os.version: '10.0', java.version: '11.0.16.1'
Driver info: org.openqa.selenium.edge.EdgeDriver
Command: [704dad468550483ee838ff3e9e94a9e8, screenshot {}]
Capabilities {acceptInsecureCerts: false, browserName: msedge, browserVersion: 114.0.1823.86, ms:edgeOptions: {debuggerAddress: localhost:51404}, msedge: {msedgedriverVersion: 114.0.1823.90 (a7fc3a4aaee7..., userDataDir: C:\Users\ar287\AppData\Loca...}, networkConnectionEnabled: false, pageLoadStrategy: normal, platformName: WINDOWS, proxy: Proxy(), se:cdp: ws://localhost:51404/devtoo..., se:cdpVersion: 114.0.1823.86, setWindowRect: true, strictFileInteractability: false, timeouts: {implicit: 0, pageLoad: 300000, script: 30000}, unhandledPromptBehavior: dismiss and notify, webauthn:extension:credBlob: true, webauthn:extension:largeBlob: true, webauthn:extension:minPinLength: true, webauthn:extension:prf: true, webauthn:virtualAuthenticators: true}
Session ID: 704dad468550483ee838ff3e9e94a9e8
	at jdk.internal.reflect.GeneratedConstructorAccessor16.newInstance(Unknown Source)
	at java.base/jdk.internal.reflect.DelegatingConstructorAccessorImpl.newInstance(DelegatingConstructorAccessorImpl.java:45)
	at java.base/java.lang.reflect.Constructor.newInstance(Constructor.java:490)
	at org.openqa.selenium.remote.codec.w3c.W3CHttpResponseCodec.createException(W3CHttpResponseCodec.java:200)
	at org.openqa.selenium.remote.codec.w3c.W3CHttpResponseCodec.decode(W3CHttpResponseCodec.java:133)
	at org.openqa.selenium.remote.codec.w3c.W3CHttpResponseCodec.decode(W3CHttpResponseCodec.java:53)
	at org.openqa.selenium.remote.HttpCommandExecutor.execute(HttpCommandExecutor.java:193)
	at org.openqa.selenium.remote.service.DriverCommandExecutor.invokeExecute(DriverCommandExecutor.java:183)
	at org.openqa.selenium.remote.service.DriverCommandExecutor.execute(DriverCommandExecutor.java:158)
	at org.openqa.selenium.remote.RemoteWebDriver.execute(RemoteWebDriver.java:543)
	at org.openqa.selenium.remote.RemoteWebDriver.execute(RemoteWebDriver.java:598)
	at org.openqa.selenium.remote.RemoteWebDriver.execute(RemoteWebDriver.java:602)
	at org.openqa.selenium.remote.RemoteWebDriver.getScreenshotAs(RemoteWebDriver.java:318)
	at org.stepdefinition.Hooks.snapMethod(Hooks.java:66)
</textarea>
      
      </div>
              </div>
              <div class="step skip-bg" title="org.stepdefinition.StepDefinitionClass.user_selects_the_block_processing_worklist_from_Menu()">
                <span>When User selects the block processing worklist from Menu</span>
      <div>Step skipped
      </div>
              </div>
              <div class="step skip-bg" title="org.stepdefinition.StepDefinitionClass.user_Scans_the_order_LRN_and_validate_the_corresponding_blocks_for_the_order()">
                <span>And User Scans the order LRN and validate the corresponding blocks for the order</span>
      <div>Step skipped
      </div>
              </div>
              <div class="step skip-bg" title="org.stepdefinition.StepDefinitionClass.verify_print_save_cancel_and_c_ancel_e_dits_button()">
                <span>And Verify Print Save Cancel and CAncel EDits button</span>
      <div>Step skipped
      </div>
              </div>
              <div class="step skip-bg" title="org.stepdefinition.StepDefinitionClass.edit_the_values_and_verify_the_save_and_cancel_edits_button()">
                <span>And Edit the values and verify the save and cancel Edits button</span>
      <div>Step skipped
      </div>
              </div>
              <div class="step skip-bg" title="org.stepdefinition.StepDefinitionClass.click_on_print_button()">
                <span>And Click on Print button</span>
      <div>Step skipped
      </div>
              </div>
              <div class="step skip-bg" title="org.stepdefinition.StepDefinitionClass.click_on_save_button_in_block_processing_screen()">
                <span>And Click on Save button in Block Processing screen</span>
      <div>Step skipped
      </div>
              </div>
          </div>
        </div>
  </div>
  <div class="card">
    <div class="card-header" role="tab">
      <div class="card-title">
        <div class="node" id="90"><span class="badge log fail-bg mr-2">Fail</span>Procedure Processing - Scan a procedure</div>
      </div>
    </div>
        <div class="">
          <div class="card-body">
              <div class="step fail-bg" title="org.stepdefinition.StepDefinitionClass.click_on_laboratory_processing_menu_and_click_on_procedure_processing_worklist_menu()">
                <span>Given Click on Laboratory processing menu and Click on Procedure processing worklist menu.</span>
      <div>
        <textarea disabled class="code-block">org.openqa.selenium.NoSuchWindowException: no such window: target window already closed
from unknown error: web view not found
  (Session info: MicrosoftEdge=114.0.1823.86)
Build info: version: '4.8.2', revision: '826dbfc730'
System info: os.name: 'Windows 10', os.arch: 'amd64', os.version: '10.0', java.version: '11.0.16.1'
Driver info: org.openqa.selenium.edge.EdgeDriver
Command: [704dad468550483ee838ff3e9e94a9e8, findElement {using=xpath, value=(//span[@class="mat-tooltip-trigger"])[2]}]
Capabilities {acceptInsecureCerts: false, browserName: msedge, browserVersion: 114.0.1823.86, ms:edgeOptions: {debuggerAddress: localhost:51404}, msedge: {msedgedriverVersion: 114.0.1823.90 (a7fc3a4aaee7..., userDataDir: C:\Users\ar287\AppData\Loca...}, networkConnectionEnabled: false, pageLoadStrategy: normal, platformName: WINDOWS, proxy: Proxy(), se:cdp: ws://localhost:51404/devtoo..., se:cdpVersion: 114.0.1823.86, setWindowRect: true, strictFileInteractability: false, timeouts: {implicit: 0, pageLoad: 300000, script: 30000}, unhandledPromptBehavior: dismiss and notify, webauthn:extension:credBlob: true, webauthn:extension:largeBlob: true, webauthn:extension:minPinLength: true, webauthn:extension:prf: true, webauthn:virtualAuthenticators: true}
Session ID: 704dad468550483ee838ff3e9e94a9e8
	at jdk.internal.reflect.GeneratedConstructorAccessor16.newInstance(Unknown Source)
	at java.base/jdk.internal.reflect.DelegatingConstructorAccessorImpl.newInstance(DelegatingConstructorAccessorImpl.java:45)
	at java.base/java.lang.reflect.Constructor.newInstance(Constructor.java:490)
	at org.openqa.selenium.remote.codec.w3c.W3CHttpResponseCodec.createException(W3CHttpResponseCodec.java:200)
	at org.openqa.selenium.remote.codec.w3c.W3CHttpResponseCodec.decode(W3CHttpResponseCodec.java:133)
	at org.openqa.selenium.remote.codec.w3c.W3CHttpResponseCodec.decode(W3CHttpResponseCodec.java:53)
	at org.openqa.selenium.remote.HttpCommandExecutor.execute(HttpCommandExecutor.java:193)
	at org.openqa.selenium.remote.service.DriverCommandExecutor.invokeExecute(DriverCommandExecutor.java:183)
	at org.openqa.selenium.remote.service.DriverCommandExecutor.execute(DriverCommandExecutor.java:158)
	at org.openqa.selenium.remote.RemoteWebDriver.execute(RemoteWebDriver.java:543)
	at org.openqa.selenium.remote.ElementLocation$ElementFinder$2.findElement(ElementLocation.java:162)
	at org.openqa.selenium.remote.ElementLocation.findElement(ElementLocation.java:60)
	at org.openqa.selenium.remote.RemoteWebDriver.findElement(RemoteWebDriver.java:352)
	at org.openqa.selenium.remote.RemoteWebDriver.findElement(RemoteWebDriver.java:344)
	at org.openqa.selenium.support.pagefactory.DefaultElementLocator.findElement(DefaultElementLocator.java:70)
	at org.openqa.selenium.support.pagefactory.internal.LocatingElementHandler.invoke(LocatingElementHandler.java:39)
	at com.sun.proxy.$Proxy25.toString(Unknown Source)
	at java.base/java.lang.String.valueOf(String.java:2951)
	at java.base/java.lang.StringBuilder.append(StringBuilder.java:173)
	at org.openqa.selenium.support.ui.ExpectedConditions$10.toString(ExpectedConditions.java:298)
	at java.base/java.lang.String.valueOf(String.java:2951)
	at java.base/java.lang.StringBuilder.append(StringBuilder.java:173)
	at org.openqa.selenium.support.ui.FluentWait.until(FluentWait.java:229)
	at org.baseclass.BaseClass.expWait(BaseClass.java:135)
	at org.stepdefinition.StepDefinitionClass.click_on_laboratory_processing_menu_and_click_on_procedure_processing_worklist_menu(StepDefinitionClass.java:1360)
	at ?.Click on Laboratory processing menu and Click on Procedure processing worklist menu.(file:///C:/Users/ar287/eclipse-workspace/LIMS/src/test/resources/FeatureFiles/CP_SmokeTest.feature:54)
</textarea>
      
      </div>
              </div>
              <div class="step fail-bg" title="AFTER_STEP">
                <span>org.stepdefinition.Hooks.snapMethod(io.cucumber.java.Scenario)</span>
      <div>
        <textarea disabled class="code-block">org.openqa.selenium.NoSuchWindowException: no such window: target window already closed
from unknown error: web view not found
  (Session info: MicrosoftEdge=114.0.1823.86)
Build info: version: '4.8.2', revision: '826dbfc730'
System info: os.name: 'Windows 10', os.arch: 'amd64', os.version: '10.0', java.version: '11.0.16.1'
Driver info: org.openqa.selenium.edge.EdgeDriver
Command: [704dad468550483ee838ff3e9e94a9e8, screenshot {}]
Capabilities {acceptInsecureCerts: false, browserName: msedge, browserVersion: 114.0.1823.86, ms:edgeOptions: {debuggerAddress: localhost:51404}, msedge: {msedgedriverVersion: 114.0.1823.90 (a7fc3a4aaee7..., userDataDir: C:\Users\ar287\AppData\Loca...}, networkConnectionEnabled: false, pageLoadStrategy: normal, platformName: WINDOWS, proxy: Proxy(), se:cdp: ws://localhost:51404/devtoo..., se:cdpVersion: 114.0.1823.86, setWindowRect: true, strictFileInteractability: false, timeouts: {implicit: 0, pageLoad: 300000, script: 30000}, unhandledPromptBehavior: dismiss and notify, webauthn:extension:credBlob: true, webauthn:extension:largeBlob: true, webauthn:extension:minPinLength: true, webauthn:extension:prf: true, webauthn:virtualAuthenticators: true}
Session ID: 704dad468550483ee838ff3e9e94a9e8
	at jdk.internal.reflect.GeneratedConstructorAccessor16.newInstance(Unknown Source)
	at java.base/jdk.internal.reflect.DelegatingConstructorAccessorImpl.newInstance(DelegatingConstructorAccessorImpl.java:45)
	at java.base/java.lang.reflect.Constructor.newInstance(Constructor.java:490)
	at org.openqa.selenium.remote.codec.w3c.W3CHttpResponseCodec.createException(W3CHttpResponseCodec.java:200)
	at org.openqa.selenium.remote.codec.w3c.W3CHttpResponseCodec.decode(W3CHttpResponseCodec.java:133)
	at org.openqa.selenium.remote.codec.w3c.W3CHttpResponseCodec.decode(W3CHttpResponseCodec.java:53)
	at org.openqa.selenium.remote.HttpCommandExecutor.execute(HttpCommandExecutor.java:193)
	at org.openqa.selenium.remote.service.DriverCommandExecutor.invokeExecute(DriverCommandExecutor.java:183)
	at org.openqa.selenium.remote.service.DriverCommandExecutor.execute(DriverCommandExecutor.java:158)
	at org.openqa.selenium.remote.RemoteWebDriver.execute(RemoteWebDriver.java:543)
	at org.openqa.selenium.remote.RemoteWebDriver.execute(RemoteWebDriver.java:598)
	at org.openqa.selenium.remote.RemoteWebDriver.execute(RemoteWebDriver.java:602)
	at org.openqa.selenium.remote.RemoteWebDriver.getScreenshotAs(RemoteWebDriver.java:318)
	at org.stepdefinition.Hooks.snapMethod(Hooks.java:66)
</textarea>
      
      </div>
              </div>
              <div class="step skip-bg" title="org.stepdefinition.StepDefinitionClass.scan_with_procedure_lrn_and_press_enter_key_and_verify_the_columns_in_the_grid()">
                <span>When Scan with Procedure LRN and press ENTER key and Verify the columns in the grid.</span>
      <div>Step skipped
      </div>
              </div>
              <div class="step skip-bg" title="org.stepdefinition.StepDefinitionClass.verify_print_save_cancel_and_c_ancel_e_dits_button()">
                <span>And Verify Print Save Cancel and CAncel EDits button</span>
      <div>Step skipped
      </div>
              </div>
              <div class="step skip-bg" title="org.stepdefinition.StepDefinitionClass.edit_the_values_and_verify_the_save_and_cancel_edits_button_in_pp_screen()">
                <span>And Edit the values and verify the save and cancel Edits button in Pp screen</span>
      <div>Step skipped
      </div>
              </div>
              <div class="step skip-bg" title="org.stepdefinition.StepDefinitionClass.click_on_print_button_in_pp_screen()">
                <span>And Click on Print button in pp screen</span>
      <div>Step skipped
      </div>
              </div>
              <div class="step skip-bg" title="org.stepdefinition.StepDefinitionClass.click_on_save_button_in_pp_screen()">
                <span>And Click on Save button in pp screen</span>
      <div>Step skipped
      </div>
              </div>
              <div class="step skip-bg" title="org.stepdefinition.StepDefinitionClass.click_on_assign_button()">
                <span>And Click on Assign button.</span>
      <div>Step skipped
      </div>
              </div>
              <div class="step skip-bg" title="org.stepdefinition.StepDefinitionClass.click_on_cancel_button()">
                <span>Then Click on cancel button.</span>
      <div>Step skipped
      </div>
              </div>
          </div>
        </div>
  </div>
  <div class="card">
    <div class="card-header" role="tab">
      <div class="card-title">
        <div class="node" id="107"><span class="badge log fail-bg mr-2">Fail</span>Order Verification - Search with order LRN</div>
      </div>
    </div>
        <div class="">
          <div class="card-body">
              <div class="step fail-bg" title="org.stepdefinition.StepDefinitionClass.click_on_laboratory_processing_menu_and_click_on_order_verification_menu()">
                <span>Given Click on Laboratory processing menu and Click on Order verification menu.</span>
      <div>
        <textarea disabled class="code-block">org.openqa.selenium.NoSuchWindowException: no such window: target window already closed
from unknown error: web view not found
  (Session info: MicrosoftEdge=114.0.1823.86)
Build info: version: '4.8.2', revision: '826dbfc730'
System info: os.name: 'Windows 10', os.arch: 'amd64', os.version: '10.0', java.version: '11.0.16.1'
Driver info: org.openqa.selenium.edge.EdgeDriver
Command: [704dad468550483ee838ff3e9e94a9e8, findElement {using=xpath, value=//i[text()='menu']}]
Capabilities {acceptInsecureCerts: false, browserName: msedge, browserVersion: 114.0.1823.86, ms:edgeOptions: {debuggerAddress: localhost:51404}, msedge: {msedgedriverVersion: 114.0.1823.90 (a7fc3a4aaee7..., userDataDir: C:\Users\ar287\AppData\Loca...}, networkConnectionEnabled: false, pageLoadStrategy: normal, platformName: WINDOWS, proxy: Proxy(), se:cdp: ws://localhost:51404/devtoo..., se:cdpVersion: 114.0.1823.86, setWindowRect: true, strictFileInteractability: false, timeouts: {implicit: 0, pageLoad: 300000, script: 30000}, unhandledPromptBehavior: dismiss and notify, webauthn:extension:credBlob: true, webauthn:extension:largeBlob: true, webauthn:extension:minPinLength: true, webauthn:extension:prf: true, webauthn:virtualAuthenticators: true}
Session ID: 704dad468550483ee838ff3e9e94a9e8
	at jdk.internal.reflect.GeneratedConstructorAccessor16.newInstance(Unknown Source)
	at java.base/jdk.internal.reflect.DelegatingConstructorAccessorImpl.newInstance(DelegatingConstructorAccessorImpl.java:45)
	at java.base/java.lang.reflect.Constructor.newInstance(Constructor.java:490)
	at org.openqa.selenium.remote.codec.w3c.W3CHttpResponseCodec.createException(W3CHttpResponseCodec.java:200)
	at org.openqa.selenium.remote.codec.w3c.W3CHttpResponseCodec.decode(W3CHttpResponseCodec.java:133)
	at org.openqa.selenium.remote.codec.w3c.W3CHttpResponseCodec.decode(W3CHttpResponseCodec.java:53)
	at org.openqa.selenium.remote.HttpCommandExecutor.execute(HttpCommandExecutor.java:193)
	at org.openqa.selenium.remote.service.DriverCommandExecutor.invokeExecute(DriverCommandExecutor.java:183)
	at org.openqa.selenium.remote.service.DriverCommandExecutor.execute(DriverCommandExecutor.java:158)
	at org.openqa.selenium.remote.RemoteWebDriver.execute(RemoteWebDriver.java:543)
	at org.openqa.selenium.remote.ElementLocation$ElementFinder$2.findElement(ElementLocation.java:162)
	at org.openqa.selenium.remote.ElementLocation.findElement(ElementLocation.java:60)
	at org.openqa.selenium.remote.RemoteWebDriver.findElement(RemoteWebDriver.java:352)
	at org.openqa.selenium.remote.RemoteWebDriver.findElement(RemoteWebDriver.java:344)
	at org.openqa.selenium.support.pagefactory.DefaultElementLocator.findElement(DefaultElementLocator.java:70)
	at org.openqa.selenium.support.pagefactory.internal.LocatingElementHandler.invoke(LocatingElementHandler.java:39)
	at com.sun.proxy.$Proxy25.toString(Unknown Source)
	at java.base/java.lang.String.valueOf(String.java:2951)
	at java.base/java.lang.StringBuilder.append(StringBuilder.java:173)
	at org.openqa.selenium.support.ui.ExpectedConditions$10.toString(ExpectedConditions.java:298)
	at java.base/java.lang.String.valueOf(String.java:2951)
	at java.base/java.lang.StringBuilder.append(StringBuilder.java:173)
	at org.openqa.selenium.support.ui.FluentWait.until(FluentWait.java:229)
	at org.baseclass.BaseClass.expWait(BaseClass.java:135)
	at org.stepdefinition.StepDefinitionClass.click_on_laboratory_processing_menu_and_click_on_order_verification_menu(StepDefinitionClass.java:1496)
	at ?.Click on Laboratory processing menu and Click on Order verification menu.(file:///C:/Users/ar287/eclipse-workspace/LIMS/src/test/resources/FeatureFiles/CP_SmokeTest.feature:64)
</textarea>
      
      </div>
              </div>
              <div class="step fail-bg" title="AFTER_STEP">
                <span>org.stepdefinition.Hooks.snapMethod(io.cucumber.java.Scenario)</span>
      <div>
        <textarea disabled class="code-block">org.openqa.selenium.NoSuchWindowException: no such window: target window already closed
from unknown error: web view not found
  (Session info: MicrosoftEdge=114.0.1823.86)
Build info: version: '4.8.2', revision: '826dbfc730'
System info: os.name: 'Windows 10', os.arch: 'amd64', os.version: '10.0', java.version: '11.0.16.1'
Driver info: org.openqa.selenium.edge.EdgeDriver
Command: [704dad468550483ee838ff3e9e94a9e8, screenshot {}]
Capabilities {acceptInsecureCerts: false, browserName: msedge, browserVersion: 114.0.1823.86, ms:edgeOptions: {debuggerAddress: localhost:51404}, msedge: {msedgedriverVersion: 114.0.1823.90 (a7fc3a4aaee7..., userDataDir: C:\Users\ar287\AppData\Loca...}, networkConnectionEnabled: false, pageLoadStrategy: normal, platformName: WINDOWS, proxy: Proxy(), se:cdp: ws://localhost:51404/devtoo..., se:cdpVersion: 114.0.1823.86, setWindowRect: true, strictFileInteractability: false, timeouts: {implicit: 0, pageLoad: 300000, script: 30000}, unhandledPromptBehavior: dismiss and notify, webauthn:extension:credBlob: true, webauthn:extension:largeBlob: true, webauthn:extension:minPinLength: true, webauthn:extension:prf: true, webauthn:virtualAuthenticators: true}
Session ID: 704dad468550483ee838ff3e9e94a9e8
	at jdk.internal.reflect.GeneratedConstructorAccessor16.newInstance(Unknown Source)
	at java.base/jdk.internal.reflect.DelegatingConstructorAccessorImpl.newInstance(DelegatingConstructorAccessorImpl.java:45)
	at java.base/java.lang.reflect.Constructor.newInstance(Constructor.java:490)
	at org.openqa.selenium.remote.codec.w3c.W3CHttpResponseCodec.createException(W3CHttpResponseCodec.java:200)
	at org.openqa.selenium.remote.codec.w3c.W3CHttpResponseCodec.decode(W3CHttpResponseCodec.java:133)
	at org.openqa.selenium.remote.codec.w3c.W3CHttpResponseCodec.decode(W3CHttpResponseCodec.java:53)
	at org.openqa.selenium.remote.HttpCommandExecutor.execute(HttpCommandExecutor.java:193)
	at org.openqa.selenium.remote.service.DriverCommandExecutor.invokeExecute(DriverCommandExecutor.java:183)
	at org.openqa.selenium.remote.service.DriverCommandExecutor.execute(DriverCommandExecutor.java:158)
	at org.openqa.selenium.remote.RemoteWebDriver.execute(RemoteWebDriver.java:543)
	at org.openqa.selenium.remote.RemoteWebDriver.execute(RemoteWebDriver.java:598)
	at org.openqa.selenium.remote.RemoteWebDriver.execute(RemoteWebDriver.java:602)
	at org.openqa.selenium.remote.RemoteWebDriver.getScreenshotAs(RemoteWebDriver.java:318)
	at org.stepdefinition.Hooks.snapMethod(Hooks.java:66)
</textarea>
      
      </div>
              </div>
              <div class="step skip-bg" title="org.stepdefinition.StepDefinitionClass.scan_the_order_lrn_and_hit_enter_key()">
                <span>When Scan the Order LRN and hit enter key</span>
      <div>Step skipped
      </div>
              </div>
              <div class="step skip-bg" title="org.stepdefinition.StepDefinitionClass.check_for_the_verification_and_history_tab()">
                <span>And Check for the verification and history tab</span>
      <div>Step skipped
      </div>
              </div>
              <div class="step skip-bg" title="org.stepdefinition.StepDefinitionClass.double_click_under_scanned_column_in_grid()">
                <span>And Double click under scanned column in grid</span>
      <div>Step skipped
      </div>
              </div>
              <div class="step skip-bg" title="org.stepdefinition.StepDefinitionClass.check_for_verify_and_release_button()">
                <span>And Check for Verify and Release button</span>
      <div>Step skipped
      </div>
              </div>
              <div class="step skip-bg" title="org.stepdefinition.StepDefinitionClass.click_on_release_button()">
                <span>And Click on Release button</span>
      <div>Step skipped
      </div>
              </div>
              <div class="step skip-bg" title="org.stepdefinition.StepDefinitionClass.scan_the_order_lrn_and_hit_enter_key()">
                <span>And Scan the Order LRN and hit enter key</span>
      <div>Step skipped
      </div>
              </div>
              <div class="step skip-bg" title="org.stepdefinition.StepDefinitionClass.check_for_the_corresponding_row_under_verified_column()">
                <span>And Check for the corresponding row under verified column</span>
      <div>Step skipped
      </div>
              </div>
              <div class="step skip-bg" title="org.stepdefinition.StepDefinitionClass.validate_verify_date_has_been_updated_against_the_respective_procedure()">
                <span>And Validate Verify date has been updated against the respective procedure</span>
      <div>Step skipped
      </div>
              </div>
              <div class="step skip-bg" title="org.stepdefinition.StepDefinitionClass.click_on_the_history_tab()">
                <span>Then Click on the History tab</span>
      <div>Step skipped
      </div>
              </div>
          </div>
        </div>
  </div>
  <div class="card">
    <div class="card-header" role="tab">
      <div class="card-title">
        <div class="node" id="128"><span class="badge log fail-bg mr-2">Fail</span>Microscopy-Saving and releasing the final report</div>
      </div>
    </div>
        <div class="">
          <div class="card-body">
              <div class="step fail-bg" title="org.stepdefinition.StepDefinitionClass.click_on_result_management_menu_click_on_microscopy_menu()">
                <span>Given Click on Result Management menu, Click on Microscopy menu.</span>
      <div>
        <textarea disabled class="code-block">org.openqa.selenium.NoSuchWindowException: no such window: target window already closed
from unknown error: web view not found
  (Session info: MicrosoftEdge=114.0.1823.86)
Build info: version: '4.8.2', revision: '826dbfc730'
System info: os.name: 'Windows 10', os.arch: 'amd64', os.version: '10.0', java.version: '11.0.16.1'
Driver info: org.openqa.selenium.edge.EdgeDriver
Command: [704dad468550483ee838ff3e9e94a9e8, findElement {using=xpath, value=//i[text()='menu']}]
Capabilities {acceptInsecureCerts: false, browserName: msedge, browserVersion: 114.0.1823.86, ms:edgeOptions: {debuggerAddress: localhost:51404}, msedge: {msedgedriverVersion: 114.0.1823.90 (a7fc3a4aaee7..., userDataDir: C:\Users\ar287\AppData\Loca...}, networkConnectionEnabled: false, pageLoadStrategy: normal, platformName: WINDOWS, proxy: Proxy(), se:cdp: ws://localhost:51404/devtoo..., se:cdpVersion: 114.0.1823.86, setWindowRect: true, strictFileInteractability: false, timeouts: {implicit: 0, pageLoad: 300000, script: 30000}, unhandledPromptBehavior: dismiss and notify, webauthn:extension:credBlob: true, webauthn:extension:largeBlob: true, webauthn:extension:minPinLength: true, webauthn:extension:prf: true, webauthn:virtualAuthenticators: true}
Session ID: 704dad468550483ee838ff3e9e94a9e8
	at jdk.internal.reflect.GeneratedConstructorAccessor16.newInstance(Unknown Source)
	at java.base/jdk.internal.reflect.DelegatingConstructorAccessorImpl.newInstance(DelegatingConstructorAccessorImpl.java:45)
	at java.base/java.lang.reflect.Constructor.newInstance(Constructor.java:490)
	at org.openqa.selenium.remote.codec.w3c.W3CHttpResponseCodec.createException(W3CHttpResponseCodec.java:200)
	at org.openqa.selenium.remote.codec.w3c.W3CHttpResponseCodec.decode(W3CHttpResponseCodec.java:133)
	at org.openqa.selenium.remote.codec.w3c.W3CHttpResponseCodec.decode(W3CHttpResponseCodec.java:53)
	at org.openqa.selenium.remote.HttpCommandExecutor.execute(HttpCommandExecutor.java:193)
	at org.openqa.selenium.remote.service.DriverCommandExecutor.invokeExecute(DriverCommandExecutor.java:183)
	at org.openqa.selenium.remote.service.DriverCommandExecutor.execute(DriverCommandExecutor.java:158)
	at org.openqa.selenium.remote.RemoteWebDriver.execute(RemoteWebDriver.java:543)
	at org.openqa.selenium.remote.ElementLocation$ElementFinder$2.findElement(ElementLocation.java:162)
	at org.openqa.selenium.remote.ElementLocation.findElement(ElementLocation.java:60)
	at org.openqa.selenium.remote.RemoteWebDriver.findElement(RemoteWebDriver.java:352)
	at org.openqa.selenium.remote.RemoteWebDriver.findElement(RemoteWebDriver.java:344)
	at org.openqa.selenium.support.pagefactory.DefaultElementLocator.findElement(DefaultElementLocator.java:70)
	at org.openqa.selenium.support.pagefactory.internal.LocatingElementHandler.invoke(LocatingElementHandler.java:39)
	at com.sun.proxy.$Proxy25.getWrappedElement(Unknown Source)
	at org.openqa.selenium.remote.internal.WebElementToJsonConverter.apply(WebElementToJsonConverter.java:52)
	at java.base/java.util.stream.ReferencePipeline$3$1.accept(ReferencePipeline.java:195)
	at java.base/java.util.Spliterators$ArraySpliterator.forEachRemaining(Spliterators.java:948)
	at java.base/java.util.stream.AbstractPipeline.copyInto(AbstractPipeline.java:484)
	at java.base/java.util.stream.AbstractPipeline.wrapAndCopyInto(AbstractPipeline.java:474)
	at java.base/java.util.stream.ReduceOps$ReduceOp.evaluateSequential(ReduceOps.java:913)
	at java.base/java.util.stream.AbstractPipeline.evaluate(AbstractPipeline.java:234)
	at java.base/java.util.stream.ReferencePipeline.collect(ReferencePipeline.java:578)
	at org.openqa.selenium.remote.RemoteWebDriver.executeScript(RemoteWebDriver.java:477)
	at org.stepdefinition.StepDefinitionClass.click_on_result_management_menu_click_on_microscopy_menu(StepDefinitionClass.java:1667)
	at ?.Click on Result Management menu, Click on Microscopy menu.(file:///C:/Users/ar287/eclipse-workspace/LIMS/src/test/resources/FeatureFiles/CP_SmokeTest.feature:77)
</textarea>
      
      </div>
              </div>
              <div class="step fail-bg" title="AFTER_STEP">
                <span>org.stepdefinition.Hooks.snapMethod(io.cucumber.java.Scenario)</span>
      <div>
        <textarea disabled class="code-block">org.openqa.selenium.NoSuchWindowException: no such window: target window already closed
from unknown error: web view not found
  (Session info: MicrosoftEdge=114.0.1823.86)
Build info: version: '4.8.2', revision: '826dbfc730'
System info: os.name: 'Windows 10', os.arch: 'amd64', os.version: '10.0', java.version: '11.0.16.1'
Driver info: org.openqa.selenium.edge.EdgeDriver
Command: [704dad468550483ee838ff3e9e94a9e8, screenshot {}]
Capabilities {acceptInsecureCerts: false, browserName: msedge, browserVersion: 114.0.1823.86, ms:edgeOptions: {debuggerAddress: localhost:51404}, msedge: {msedgedriverVersion: 114.0.1823.90 (a7fc3a4aaee7..., userDataDir: C:\Users\ar287\AppData\Loca...}, networkConnectionEnabled: false, pageLoadStrategy: normal, platformName: WINDOWS, proxy: Proxy(), se:cdp: ws://localhost:51404/devtoo..., se:cdpVersion: 114.0.1823.86, setWindowRect: true, strictFileInteractability: false, timeouts: {implicit: 0, pageLoad: 300000, script: 30000}, unhandledPromptBehavior: dismiss and notify, webauthn:extension:credBlob: true, webauthn:extension:largeBlob: true, webauthn:extension:minPinLength: true, webauthn:extension:prf: true, webauthn:virtualAuthenticators: true}
Session ID: 704dad468550483ee838ff3e9e94a9e8
	at jdk.internal.reflect.GeneratedConstructorAccessor16.newInstance(Unknown Source)
	at java.base/jdk.internal.reflect.DelegatingConstructorAccessorImpl.newInstance(DelegatingConstructorAccessorImpl.java:45)
	at java.base/java.lang.reflect.Constructor.newInstance(Constructor.java:490)
	at org.openqa.selenium.remote.codec.w3c.W3CHttpResponseCodec.createException(W3CHttpResponseCodec.java:200)
	at org.openqa.selenium.remote.codec.w3c.W3CHttpResponseCodec.decode(W3CHttpResponseCodec.java:133)
	at org.openqa.selenium.remote.codec.w3c.W3CHttpResponseCodec.decode(W3CHttpResponseCodec.java:53)
	at org.openqa.selenium.remote.HttpCommandExecutor.execute(HttpCommandExecutor.java:193)
	at org.openqa.selenium.remote.service.DriverCommandExecutor.invokeExecute(DriverCommandExecutor.java:183)
	at org.openqa.selenium.remote.service.DriverCommandExecutor.execute(DriverCommandExecutor.java:158)
	at org.openqa.selenium.remote.RemoteWebDriver.execute(RemoteWebDriver.java:543)
	at org.openqa.selenium.remote.RemoteWebDriver.execute(RemoteWebDriver.java:598)
	at org.openqa.selenium.remote.RemoteWebDriver.execute(RemoteWebDriver.java:602)
	at org.openqa.selenium.remote.RemoteWebDriver.getScreenshotAs(RemoteWebDriver.java:318)
	at org.stepdefinition.Hooks.snapMethod(Hooks.java:66)
</textarea>
      
      </div>
              </div>
              <div class="step skip-bg" title="org.stepdefinition.StepDefinitionClass.enter_or_scan_lrn_in_scan_field_and_press_enter_key()">
                <span>When Enter OR Scan LRN in Scan field and Press ENTER key</span>
      <div>Step skipped
      </div>
              </div>
              <div class="step skip-bg" title="org.stepdefinition.StepDefinitionClass.check_the_patient_details_displaying_in_microscopy_screen()">
                <span>And Check the patient details displaying in Microscopy screen</span>
      <div>Step skipped
      </div>
              </div>
              <div class="step skip-bg" title="org.stepdefinition.StepDefinitionClass.user_Selects_any_reporting_pathologist_from_the_reporting_pathologist_field_and_enter_some_details_on_report_editor_and_Click_on_SAVE_AS_option()">
                <span>And User Selects any reporting pathologist from the reporting pathologist field and enter some details on report editor and Click on SAVE AS option</span>
      <div>Step skipped
      </div>
              </div>
              <div class="step skip-bg" title="org.stepdefinition.StepDefinitionClass.user_enters_order_LRN_and_retreiving_the_patient()">
                <span>And User enters order LRN and retreiving the patient</span>
      <div>Step skipped
      </div>
              </div>
              <div class="step skip-bg" title="org.stepdefinition.StepDefinitionClass.user_clicks_on_insert_text_blocks_option()">
                <span>And User clicks on insert text blocks option</span>
      <div>Step skipped
      </div>
              </div>
              <div class="step skip-bg" title="org.stepdefinition.StepDefinitionClass.user_click_on_Synoptic_wizard_option()">
                <span>And User click on Synoptic wizard option</span>
      <div>Step skipped
      </div>
              </div>
              <div class="step skip-bg" title="org.stepdefinition.StepDefinitionClass.user_click_on_Diagnosis_coding_option()">
                <span>And User click on Diagnosis coding option</span>
      <div>Step skipped
      </div>
              </div>
              <div class="step skip-bg" title="org.stepdefinition.StepDefinitionClass.user_click_on_Release_AS_option_and_selects_Final_report()">
                <span>And User click on Release AS option and selects Final report</span>
      <div>Step skipped
      </div>
              </div>
          </div>
        </div>
  </div>
</div>
          </div>
        </li>
      </ul>
    </div>
  </div>
<div class="test-content scrollable">
<div class="test-content-tools">
<ul><li><a class="back-to-test" href="#"><i class="fa fa-arrow-left"></i></a></li></ul>
</div>
<div class="test-content-detail"><div class="detail-body"></div></div>
</div></div>
<div class="test-wrapper row view exception-view attributes-view">
<div class="test-list">
<div class="test-list-tools">
<ul class="tools pull-left"><li><a href=""><span class="font-size-14">Exception</span></a></li></ul>
<ul class="tools text-right"><li><a href="#"><span class="badge badge-primary">2</span></a></li></ul>
</div>
<div class="test-list-wrapper scrollable">
<ul class="test-list-item">
<li class="test-item">
<div class="test-detail">
<span class="meta">
<span class='badge log badge-danger'>1</span>
</span>
<p class="name">org.openqa.selenium.WebDriverException</p>
<p class="duration text-sm">1 tests</p>
</div>
<div class="test-contents d-none">
<div class="info">
<h4>org.openqa.selenium.WebDriverException</h4>
<span status="fail" class='badge log badge-danger'>1 failed</span>
</div>
<table class='table table-sm mt-4'>
<thead>
<tr>
<th class="status-col">Status</th>
<th class="timestamp-col">Timestamp</th>
<th>TestName</th>
</tr>
</thead>
<tbody>
<tr class="tag-test-status" status="fail">
<td><span class="badge log fail-bg">Fail</span></td>
<td>16:41:07 PM</td>
<td>
<a href="#" class="linked" test-id='1' id='4'>Given User in Login page</a>
<div class="">
<span class="badge badge-default">Cp Smoke Test.CP order entry - Placing a new order.Given User in Login page</span>
</div>
</td>
</tr>
</tbody>
</table>
</div>
</li>
<li class="test-item">
<div class="test-detail">
<span class="meta">
<span class='badge log badge-danger'>10</span>
</span>
<p class="name">org.openqa.selenium.NoSuchWindowException</p>
<p class="duration text-sm">10 tests</p>
</div>
<div class="test-contents d-none">
<div class="info">
<h4>org.openqa.selenium.NoSuchWindowException</h4>
<span status="fail" class='badge log badge-danger'>10 failed</span>
</div>
<table class='table table-sm mt-4'>
<thead>
<tr>
<th class="status-col">Status</th>
<th class="timestamp-col">Timestamp</th>
<th>TestName</th>
</tr>
</thead>
<tbody>
<tr class="tag-test-status" status="fail">
<td><span class="badge log fail-bg">Fail</span></td>
<td>16:41:08 PM</td>
<td>
<a href="#" class="linked" test-id='1' id='47'>Given Click on Laboratory processing menu and Click on Specimen dissection menu</a>
<div class="">
<span class="badge badge-default">Cp Smoke Test.Specimen Dissection - Scanning the Specimen.Given Click on Laboratory processing menu and Click on Specimen dissection menu</span>
</div>
</td>
</tr>
<tr class="tag-test-status" status="fail">
<td><span class="badge log fail-bg">Fail</span></td>
<td>16:41:58 PM</td>
<td>
<a href="#" class="linked" test-id='1' id='48'>org.stepdefinition.Hooks.snapMethod(io.cucumber.java.Scenario)</a>
<div class="">
<span class="badge badge-default">Cp Smoke Test.Specimen Dissection - Scanning the Specimen.org.stepdefinition.Hooks.snapMethod(io.cucumber.java.Scenario)</span>
</div>
</td>
</tr>
<tr class="tag-test-status" status="fail">
<td><span class="badge log fail-bg">Fail</span></td>
<td>16:41:58 PM</td>
<td>
<a href="#" class="linked" test-id='1' id='76'>Given User changes the workarea to Embed</a>
<div class="">
<span class="badge badge-default">Cp Smoke Test.Block Processing - Scan Block LRN.Given User changes the workarea to Embed</span>
</div>
</td>
</tr>
<tr class="tag-test-status" status="fail">
<td><span class="badge log fail-bg">Fail</span></td>
<td>16:42:49 PM</td>
<td>
<a href="#" class="linked" test-id='1' id='77'>org.stepdefinition.Hooks.snapMethod(io.cucumber.java.Scenario)</a>
<div class="">
<span class="badge badge-default">Cp Smoke Test.Block Processing - Scan Block LRN.org.stepdefinition.Hooks.snapMethod(io.cucumber.java.Scenario)</span>
</div>
</td>
</tr>
<tr class="tag-test-status" status="fail">
<td><span class="badge log fail-bg">Fail</span></td>
<td>16:42:49 PM</td>
<td>
<a href="#" class="linked" test-id='1' id='91'>Given Click on Laboratory processing menu and Click on Procedure processing worklist menu.</a>
<div class="">
<span class="badge badge-default">Cp Smoke Test.Procedure Processing - Scan a procedure.Given Click on Laboratory processing menu and Click on Procedure processing worklist menu.</span>
</div>
</td>
</tr>
<tr class="tag-test-status" status="fail">
<td><span class="badge log fail-bg">Fail</span></td>
<td>16:43:39 PM</td>
<td>
<a href="#" class="linked" test-id='1' id='92'>org.stepdefinition.Hooks.snapMethod(io.cucumber.java.Scenario)</a>
<div class="">
<span class="badge badge-default">Cp Smoke Test.Procedure Processing - Scan a procedure.org.stepdefinition.Hooks.snapMethod(io.cucumber.java.Scenario)</span>
</div>
</td>
</tr>
<tr class="tag-test-status" status="fail">
<td><span class="badge log fail-bg">Fail</span></td>
<td>16:43:39 PM</td>
<td>
<a href="#" class="linked" test-id='1' id='108'>Given Click on Laboratory processing menu and Click on Order verification menu.</a>
<div class="">
<span class="badge badge-default">Cp Smoke Test.Order Verification - Search with order LRN.Given Click on Laboratory processing menu and Click on Order verification menu.</span>
</div>
</td>
</tr>
<tr class="tag-test-status" status="fail">
<td><span class="badge log fail-bg">Fail</span></td>
<td>16:44:29 PM</td>
<td>
<a href="#" class="linked" test-id='1' id='109'>org.stepdefinition.Hooks.snapMethod(io.cucumber.java.Scenario)</a>
<div class="">
<span class="badge badge-default">Cp Smoke Test.Order Verification - Search with order LRN.org.stepdefinition.Hooks.snapMethod(io.cucumber.java.Scenario)</span>
</div>
</td>
</tr>
<tr class="tag-test-status" status="fail">
<td><span class="badge log fail-bg">Fail</span></td>
<td>16:44:29 PM</td>
<td>
<a href="#" class="linked" test-id='1' id='129'>Given Click on Result Management menu, Click on Microscopy menu.</a>
<div class="">
<span class="badge badge-default">Cp Smoke Test.Microscopy-Saving and releasing the final report.Given Click on Result Management menu, Click on Microscopy menu.</span>
</div>
</td>
</tr>
<tr class="tag-test-status" status="fail">
<td><span class="badge log fail-bg">Fail</span></td>
<td>16:44:29 PM</td>
<td>
<a href="#" class="linked" test-id='1' id='130'>org.stepdefinition.Hooks.snapMethod(io.cucumber.java.Scenario)</a>
<div class="">
<span class="badge badge-default">Cp Smoke Test.Microscopy-Saving and releasing the final report.org.stepdefinition.Hooks.snapMethod(io.cucumber.java.Scenario)</span>
</div>
</td>
</tr>
</tbody>
</table>
</div>
</li>
</ul>
</div>
</div>
<div class="test-content scrollable">
<div class="test-content-detail">
<div class="detail-body"></div>
</div>
</div>
</div><div class="test-wrapper row view category-view attributes-view">
<div class="test-list">
<div class="test-list-tools">
<ul class="tools pull-left"><li><a href=""><span class="font-size-14">Category</span></a></li></ul>
<ul class="tools text-right"><li><a href="#"><span class="badge badge-primary">2</span></a></li></ul>
</div>
<div class="test-list-wrapper scrollable">
<ul class="test-list-item">
<li class="test-item">
<div class="test-detail">
<span class="meta">
<span class='badge log badge-danger'>6</span>
</span>
<p class="name">@cp</p>
<p class="duration text-sm">6 tests</p>
</div>
<div class="test-contents d-none">
<div class="info">
<h4>@cp</h4>
<span status="fail" class='badge log badge-danger'>6 failed</span>
</div>
<table class='table table-sm mt-4'>
<thead>
<tr>
<th class="status-col">Status</th>
<th class="timestamp-col">Timestamp</th>
<th>TestName</th>
</tr>
</thead>
<tbody>
<tr class="tag-test-status" status="fail">
<td><span class="badge log fail-bg">Fail</span></td>
<td>16:41:03 PM</td>
<td>
<a href="#" class="linked" test-id='1' id='2'>CP order entry - Placing a new order</a>
<div class="">
<span class="badge badge-default">Cp Smoke Test.CP order entry - Placing a new order</span>
</div>
</td>
</tr>
<tr class="tag-test-status" status="fail">
<td><span class="badge log fail-bg">Fail</span></td>
<td>16:41:08 PM</td>
<td>
<a href="#" class="linked" test-id='1' id='46'>Specimen Dissection - Scanning the Specimen</a>
<div class="">
<span class="badge badge-default">Cp Smoke Test.Specimen Dissection - Scanning the Specimen</span>
</div>
</td>
</tr>
<tr class="tag-test-status" status="fail">
<td><span class="badge log fail-bg">Fail</span></td>
<td>16:41:58 PM</td>
<td>
<a href="#" class="linked" test-id='1' id='75'>Block Processing - Scan Block LRN</a>
<div class="">
<span class="badge badge-default">Cp Smoke Test.Block Processing - Scan Block LRN</span>
</div>
</td>
</tr>
<tr class="tag-test-status" status="fail">
<td><span class="badge log fail-bg">Fail</span></td>
<td>16:42:49 PM</td>
<td>
<a href="#" class="linked" test-id='1' id='90'>Procedure Processing - Scan a procedure</a>
<div class="">
<span class="badge badge-default">Cp Smoke Test.Procedure Processing - Scan a procedure</span>
</div>
</td>
</tr>
<tr class="tag-test-status" status="fail">
<td><span class="badge log fail-bg">Fail</span></td>
<td>16:43:39 PM</td>
<td>
<a href="#" class="linked" test-id='1' id='107'>Order Verification - Search with order LRN</a>
<div class="">
<span class="badge badge-default">Cp Smoke Test.Order Verification - Search with order LRN</span>
</div>
</td>
</tr>
<tr class="tag-test-status" status="fail">
<td><span class="badge log fail-bg">Fail</span></td>
<td>16:44:29 PM</td>
<td>
<a href="#" class="linked" test-id='1' id='128'>Microscopy-Saving and releasing the final report</a>
<div class="">
<span class="badge badge-default">Cp Smoke Test.Microscopy-Saving and releasing the final report</span>
</div>
</td>
</tr>
</tbody>
</table>
</div>
</li>
<li class="test-item">
<div class="test-detail">
<span class="meta">
<span class='badge log badge-danger'>1</span>
</span>
<p class="name">@cpLogin</p>
<p class="duration text-sm">1 tests</p>
</div>
<div class="test-contents d-none">
<div class="info">
<h4>@cpLogin</h4>
<span status="fail" class='badge log badge-danger'>1 failed</span>
</div>
<table class='table table-sm mt-4'>
<thead>
<tr>
<th class="status-col">Status</th>
<th class="timestamp-col">Timestamp</th>
<th>TestName</th>
</tr>
</thead>
<tbody>
<tr class="tag-test-status" status="fail">
<td><span class="badge log fail-bg">Fail</span></td>
<td>16:41:03 PM</td>
<td>
<a href="#" class="linked" test-id='1' id='2'>CP order entry - Placing a new order</a>
<div class="">
<span class="badge badge-default">Cp Smoke Test.CP order entry - Placing a new order</span>
</div>
</td>
</tr>
</tbody>
</table>
</div>
</li>
</ul>
</div>
</div>
<div class="test-content scrollable">
<div class="test-content-detail">
<div class="detail-body"></div>
</div>
</div>
</div><div class="container-fluid p-4 view dashboard-view">
<div class="row">
<div class="col-md-3">
<div class="card"><div class="card-body">
<p class="m-b-0">Started</p>
<h3>Jul 27, 2023 04:41:02 PM</h3>
</div></div>
</div>
<div class="col-md-3">
<div class="card"><div class="card-body">
<p class="m-b-0">Ended</p>
<h3>Jul 27, 2023 04:44:29 PM</h3>
</div></div>
</div>
<div class="col-md-3">
<div class="card"><div class="card-body">
<p class="m-b-0 text-pass">Features Passed</p>
<h3>0</h3>
</div></div>
</div>
<div class="col-md-3">
<div class="card"><div class="card-body">
<p class="m-b-0 text-fail">Features Failed</p>
<h3>1</h3>
</div></div>
</div>
</div>
<div class="row">
<div class="col-md-4">
<div class="card">
<div class="card-header">
<h6 class="card-title">Features</h6>
</div>
<div class="card-body">
<div class="">
<canvas id='parent-analysis' width='115' height='90'></canvas>
</div>
</div>
<div class="card-footer">
<div><small data-tooltip='0%'>
<b>0</b> features passed
</small>
</div>
<div>
<small data-tooltip='100%'><b>1</b> features failed,
<b>0</b> skipped, <b data-tooltip='0%'>0</b> others
</small>
</div>
</div>
</div>
</div>
<div class="col-md-4">
<div class="card">
<div class="card-header">
<h6 class="card-title">Scenarios</h6>
</div>
<div class="card-body">
<div class="">
<canvas id='child-analysis' width='115' height='90'></canvas>
</div>
</div>
<div class="card-footer">
<div><small data-tooltip='0%'><b>0</b> scenarios passed</small></div>
<div>
<small data-tooltip='100%'><b>6</b> scenarios failed,
<b>0</b> skipped, <b data-tooltip='%'>0</b> others
</small>
</div>
</div>
</div>
</div>
<div class="col-md-4">
<div class="card">
<div class="card-header">
<h6 class="card-title">Steps</h6>
</div>
<div class="card-body">
<div class="">
<canvas id='grandchild-analysis' width='115' height='90'></canvas>
</div>
</div>
<div class="card-footer">
<div><small data-tooltip='1%'><b>1</b> steps passed</small></div>
<div>
<small data-tooltip='14%'><b>11</b> steps failed,
<b>63</b> skipped, <b data-tooltip='%'>0</b> others
</small>
</div>
</div>
</div>
</div>
</div>
<div class="row"><div class="col-md-12">
<div class="card"><div class="card-header"><p>Timeline</p></div>
<div class="card-body pt-0"><div>
<canvas id="timeline" height="120"></canvas>
</div></div>
</div>
</div></div>
<script>
var timeline = {
"Cp Smoke Test":206.13
};
</script>
<div class="row">
<div class="col-lg-6 col-md-12 category-container">
<div class="card">
<div class="card-header"><p>Tags</p></div>
<div class="card-body pb-0 pt-0"><table class="table table-sm table-bordered">
<thead><tr class="bg-gray"><th>Name</th><th>Passed</th><th>Failed</th><th>Skipped</th><th>Others</th><th>Passed %</th></tr></thead><tbody>
<tr>
<td>@cp</td>
<td>0</td>
<td>6</td>
<td>0</td>
<td>0</td>
<td>0%</td>
</tr>
<tr>
<td>@cpLogin</td>
<td>0</td>
<td>1</td>
<td>0</td>
<td>0</td>
<td>0%</td>
</tr>
</tbody>
</table></div>
</div>
</div>
</div>
</div>
<script>
var statusGroup = {
parentCount: 5,
passParent: 0,
failParent: 1,
warningParent: 0,
skipParent: 0,
childCount: 5,
passChild: 0,
failChild: 6,
warningChild: 0,
skipChild: 0,
infoChild: 0,
grandChildCount: 5,
passGrandChild: 1,
failGrandChild: 11,
warningGrandChild: 0,
skipGrandChild: 63,
infoGrandChild: 0,
eventsCount: 5,
};
</script>        </div>
      </div>
    </div>
  </div>
<script src="https://cdn.jsdelivr.net/gh/extent-framework/extent-github-cdn@d6562a79075e061305ccfdb82f01e5e195e2d307/spark/js/spark-script.js"></script>
<script type="text/javascript"></script></body>
</html>